d:\onedrive\other\cpp\dev\birchengine - game loop\bin\intermediates\win32\debug\vc142.pdb
d:\onedrive\other\cpp\dev\birchengine - game loop\bin\intermediates\win32\debug\vc142.idb
d:\onedrive\other\cpp\dev\birchengine - game loop\bin\intermediates\win32\debug\main.obj
d:\onedrive\other\cpp\dev\birchengine - game loop\bin\intermediates\win32\debug\game.obj
d:\onedrive\other\cpp\dev\birchengine - game loop\bin\intermediates\win32\debug\texturemanager.obj
d:\onedrive\other\cpp\dev\birchengine - game loop\bin\intermediates\win32\debug\gameobject.obj
d:\onedrive\other\cpp\dev\birchengine - game loop\bin\intermediates\win32\debug\map.obj
d:\onedrive\other\cpp\dev\birchengine - game loop\bin\win32\debug\birchengine.exe
d:\onedrive\other\cpp\dev\birchengine - game loop\bin\win32\debug\birchengine.ilk
d:\onedrive\other\cpp\dev\birchengine - game loop\bin\win32\debug\birchengine.pdb
d:\onedrive\other\cpp\dev\birchengine - game loop\bin\intermediates\win32\debug\birchengine.tlog\cl.command.1.tlog
d:\onedrive\other\cpp\dev\birchengine - game loop\bin\intermediates\win32\debug\birchengine.tlog\cl.read.1.tlog
d:\onedrive\other\cpp\dev\birchengine - game loop\bin\intermediates\win32\debug\birchengine.tlog\cl.write.1.tlog
d:\onedrive\other\cpp\dev\birchengine - game loop\bin\intermediates\win32\debug\birchengine.tlog\link-cvtres.read.1.tlog
d:\onedrive\other\cpp\dev\birchengine - game loop\bin\intermediates\win32\debug\birchengine.tlog\link-cvtres.write.1.tlog
d:\onedrive\other\cpp\dev\birchengine - game loop\bin\intermediates\win32\debug\birchengine.tlog\link-rc.read.1.tlog
d:\onedrive\other\cpp\dev\birchengine - game loop\bin\intermediates\win32\debug\birchengine.tlog\link-rc.write.1.tlog
d:\onedrive\other\cpp\dev\birchengine - game loop\bin\intermediates\win32\debug\birchengine.tlog\link.7184-cvtres.read.1.tlog
d:\onedrive\other\cpp\dev\birchengine - game loop\bin\intermediates\win32\debug\birchengine.tlog\link.7184-cvtres.write.1.tlog
d:\onedrive\other\cpp\dev\birchengine - game loop\bin\intermediates\win32\debug\birchengine.tlog\link.7184-rc.read.1.tlog
d:\onedrive\other\cpp\dev\birchengine - game loop\bin\intermediates\win32\debug\birchengine.tlog\link.7184-rc.write.1.tlog
d:\onedrive\other\cpp\dev\birchengine - game loop\bin\intermediates\win32\debug\birchengine.tlog\link.7184.read.1.tlog
d:\onedrive\other\cpp\dev\birchengine - game loop\bin\intermediates\win32\debug\birchengine.tlog\link.7184.write.1.tlog
d:\onedrive\other\cpp\dev\birchengine - game loop\bin\intermediates\win32\debug\birchengine.tlog\link.command.1.tlog
d:\onedrive\other\cpp\dev\birchengine - game loop\bin\intermediates\win32\debug\birchengine.tlog\link.read.1.tlog
d:\onedrive\other\cpp\dev\birchengine - game loop\bin\intermediates\win32\debug\birchengine.tlog\link.write.1.tlog
